<?xml version="1.0" encoding="utf-8"?><testsuites><testsuite name="pytest" errors="0" failures="0" skipped="3" tests="5" time="0.020" timestamp="2022-02-21T20:35:33.051744" hostname="Dmytros-MacBook-Air.local"><testcase classname="functional.test_human" name="test_age_increment" time="0.000" /><testcase classname="functional.test_human" name="test_name_changed[Jill-bob]" time="0.000"><skipped type="pytest.skip" message="Bug #123">/Users/dbobylev/Projects/Personal/Hilel/lessons/functional/test_human.py:12: Bug #123</skipped></testcase><testcase classname="functional.test_human" name="test_name_changed[Bob-jack]" time="0.000"><skipped type="pytest.skip" message="Bug #123">/Users/dbobylev/Projects/Personal/Hilel/lessons/functional/test_human.py:12: Bug #123</skipped></testcase><testcase classname="functional.test_human" name="test_name_changed[test-aslkdj]" time="0.000"><skipped type="pytest.skip" message="Bug #123">/Users/dbobylev/Projects/Personal/Hilel/lessons/functional/test_human.py:12: Bug #123</skipped></testcase><testcase classname="functional.test_human" name="test_action" time="0.000" /></testsuite></testsuites>